<?xml version="1.0" encoding="UTF-8"?>
<!-- Generated by org.testng.reporters.JUnitReportReporter -->
<testsuite hostname="DESKTOP-GVIRPN1" failures="0" tests="1" name="TestNG.TestcaseTest" time="0.012" errors="0" timestamp="2023-12-12T14:04:26 IST" skipped="0">
  <testcase classname="TestNG.TestcaseTest" name="test" time="0.012"/>
  <system-out>
Nikitaba  </system-out>
</testsuite> <!-- TestNG.TestcaseTest -->
