<?xml version="1.0" encoding="UTF-8"?>
<!-- Generated by org.testng.reporters.JUnitReportReporter -->
<testsuite hostname="DESKTOP-GVIRPN1" failures="0" tests="1" name="TestNG.ForkTest" time="9.196" errors="0" timestamp="2024-05-30T10:27:46 IST" skipped="0">
  <testcase classname="TestNG.ForkTest" name="Execute" time="9.196"/>
  <system-out>
    <![CDATA[Purple got opened]]>
  </system-out>
</testsuite> <!-- TestNG.ForkTest -->
