<?xml version="1.0" encoding="UTF-8"?>
<!-- Generated by org.testng.reporters.JUnitReportReporter -->
<testsuite hostname="DESKTOP-GVIRPN1" failures="0" tests="1" name="TestNG.TestcaseTest" time="7.484" errors="0" timestamp="2024-05-30T10:27:18 IST" skipped="0">
  <testcase classname="TestNG.TestcaseTest" name="flipkarttest" time="7.484"/>
  <system-out>
    <![CDATA[Flipkart got opened]]>
  </system-out>
</testsuite> <!-- TestNG.TestcaseTest -->
