<?xml version="1.0" encoding="UTF-8"?>
<!-- Generated by org.testng.reporters.JUnitReportReporter -->
<testsuite hostname="DESKTOP-GVIRPN1" failures="0" tests="1" name="TestNG.ToCreateMergeRequestTest" time="4.752" errors="0" timestamp="2024-05-30T10:27:37 IST" skipped="0">
  <testcase classname="TestNG.ToCreateMergeRequestTest" name="amazonTest" time="4.752"/>
  <system-out>
    <![CDATA[Amazon got opened]]>
  </system-out>
</testsuite> <!-- TestNG.ToCreateMergeRequestTest -->
