<?xml version="1.0" encoding="UTF-8"?>
<!-- Generated by org.testng.reporters.JUnitReportReporter -->
<testsuite hostname="DESKTOP-GVIRPN1" failures="0" tests="1" name="TestNG.CrmTest" time="32.090" errors="0" timestamp="2024-05-30T11:48:54 IST" skipped="0">
  <testcase classname="TestNG.CrmTest" name="crmcontactTest" time="32.090"/>
  <system-out/>
</testsuite> <!-- TestNG.CrmTest -->
